{"level":"info","message":"Fetched data for TSLA, last refreshed on 2024-11-05","service":"user-service","timestamp":"2024-11-06T04:40:31.528Z"}
{"level":"info","message":"Data for TSLA up to 2024-11-05 already exists. Skipping update.","service":"user-service","timestamp":"2024-11-06T04:40:31.799Z"}
{"level":"error","message":"Error; Error: Command failed: python3 history_analysis.py\npython3: can't open file '/Users/qaseembarnhardt/Desktop/CODING/StockMarket/history_analysis.py': [Errno 2] No such file or directory\n","service":"user-service","timestamp":"2024-11-16T18:35:48.962Z"}
{"level":"error","message":"Error; Error: Command failed: python history_analysis.py\npython: can't open file '/Users/qaseembarnhardt/Desktop/CODING/StockMarket/history_analysis.py': [Errno 2] No such file or directory\n","service":"user-service","timestamp":"2024-11-16T18:36:18.359Z"}
{"level":"error","message":"Error; Error: Command failed: python3 history_analysis.py\n","service":"user-service","timestamp":"2024-11-16T18:44:07.829Z"}
{"level":"error","message":"Error; Error: Command failed: python history_analysis.py\n","service":"user-service","timestamp":"2024-11-16T18:44:31.720Z"}
{"level":"error","message":"Error: Command failed: python3 history_analysis.py\n","service":"user-service","timestamp":"2024-11-16T18:46:05.787Z"}
{"level":"error","message":"Error: Command failed: python3 history_analysis.py\n","service":"user-service","timestamp":"2024-11-16T18:50:57.317Z"}
{"level":"error","message":"atderr: ","service":"user-service","timestamp":"2024-11-16T18:50:57.324Z"}
{"level":"error","message":"stdout ","service":"user-service","timestamp":"2024-11-16T18:50:57.324Z"}
{"level":"error","message":"Error: Command failed: python3 history_analysis.py\n","service":"user-service","timestamp":"2024-11-16T18:51:19.339Z"}
{"level":"error","message":"atderr: ","service":"user-service","timestamp":"2024-11-16T18:51:19.342Z"}
{"level":"error","message":"stdout ","service":"user-service","timestamp":"2024-11-16T18:51:19.342Z"}
{"level":"error","message":"Error: Command failed: python3 history_analysis.py\n","service":"user-service","timestamp":"2024-11-16T18:52:53.769Z"}
{"level":"error","message":"atderr: ","service":"user-service","timestamp":"2024-11-16T18:52:53.769Z"}
{"level":"error","message":"stdout ","service":"user-service","timestamp":"2024-11-16T18:52:53.770Z"}
{"level":"error","message":"Error: Command failed: python3 history_analysis.py\n/Users/qaseembarnhardt/anaconda3/lib/python3.11/site-packages/_plotly_utils/basevalidators.py:106: FutureWarning: The behavior of DatetimeProperties.to_pydatetime is deprecated, in a future version this will return a Series containing python datetime objects instead of an ndarray. To retain the old behavior, call `np.array` on the result\n  v = v.dt.to_pydatetime()\n/Users/qaseembarnhardt/anaconda3/lib/python3.11/site-packages/_plotly_utils/basevalidators.py:106: FutureWarning:\n\nThe behavior of DatetimeProperties.to_pydatetime is deprecated, in a future version this will return a Series containing python datetime objects instead of an ndarray. To retain the old behavior, call `np.array` on the result\n\n","service":"user-service","timestamp":"2024-11-16T20:11:12.259Z"}
{"level":"error","message":"atderr: /Users/qaseembarnhardt/anaconda3/lib/python3.11/site-packages/_plotly_utils/basevalidators.py:106: FutureWarning: The behavior of DatetimeProperties.to_pydatetime is deprecated, in a future version this will return a Series containing python datetime objects instead of an ndarray. To retain the old behavior, call `np.array` on the result\n  v = v.dt.to_pydatetime()\n/Users/qaseembarnhardt/anaconda3/lib/python3.11/site-packages/_plotly_utils/basevalidators.py:106: FutureWarning:\n\nThe behavior of DatetimeProperties.to_pydatetime is deprecated, in a future version this will return a Series containing python datetime objects instead of an ndarray. To retain the old behavior, call `np.array` on the result\n\n","service":"user-service","timestamp":"2024-11-16T20:11:12.262Z"}
{"level":"error","message":"stdout ","service":"user-service","timestamp":"2024-11-16T20:11:12.262Z"}
{"level":"info","message":"Fetched data for AAPL, last refreshed on 2024-11-29","service":"user-service","timestamp":"2024-12-01T19:23:22.759Z"}
{"level":"info","message":"New data for AAPL up to 2024-11-29 has been added to the database.","service":"user-service","timestamp":"2024-12-01T19:23:23.277Z"}
{"level":"info","message":"Fetched data for AAPL, last refreshed on 2024-11-29","service":"user-service","timestamp":"2024-12-01T19:23:24.892Z"}
{"level":"info","message":"Data for AAPL up to 2024-11-29 already exists. Skipping update.","service":"user-service","timestamp":"2024-12-01T19:23:25.310Z"}
{"level":"info","message":"Fetched data for GOOG, last refreshed on 2024-11-29","service":"user-service","timestamp":"2024-12-01T19:23:40.427Z"}
{"level":"info","message":"New data for GOOG up to 2024-11-29 has been added to the database.","service":"user-service","timestamp":"2024-12-01T19:23:40.477Z"}
{"level":"info","message":"Fetched data for MSFT, last refreshed on 2024-11-29","service":"user-service","timestamp":"2024-12-01T19:23:55.591Z"}
{"level":"info","message":"New data for MSFT up to 2024-11-29 has been added to the database.","service":"user-service","timestamp":"2024-12-01T19:23:55.632Z"}
{"level":"info","message":"Fetched data for AMZN, last refreshed on 2024-11-29","service":"user-service","timestamp":"2024-12-01T19:24:10.883Z"}
{"level":"info","message":"New data for AMZN up to 2024-11-29 has been added to the database.","service":"user-service","timestamp":"2024-12-01T19:24:10.931Z"}
{"level":"info","message":"Fetched data for META, last refreshed on 2024-11-29","service":"user-service","timestamp":"2024-12-01T19:24:26.036Z"}
{"level":"info","message":"New data for META up to 2024-11-29 has been added to the database.","service":"user-service","timestamp":"2024-12-01T19:24:26.082Z"}
{"level":"info","message":"Fetched data for IBM, last refreshed on 2024-11-29","service":"user-service","timestamp":"2024-12-01T19:24:41.229Z"}
{"level":"info","message":"New data for IBM up to 2024-11-29 has been added to the database.","service":"user-service","timestamp":"2024-12-01T19:24:41.267Z"}
{"level":"info","message":"Fetched data for TSLA, last refreshed on 2024-11-29","service":"user-service","timestamp":"2024-12-01T19:24:56.451Z"}
{"level":"info","message":"New data for TSLA up to 2024-11-29 has been added to the database.","service":"user-service","timestamp":"2024-12-01T19:24:56.489Z"}
{"level":"info","message":"Fetched data for AAPL, last refreshed on 2024-11-29","service":"user-service","timestamp":"2024-12-01T20:15:38.850Z"}
{"level":"info","message":"Data for AAPL up to 2024-11-29 already exists. Skipping update.","service":"user-service","timestamp":"2024-12-01T20:15:39.385Z"}
{"level":"info","message":"Fetched data for AAPL, last refreshed on 2024-11-29","service":"user-service","timestamp":"2024-12-01T20:15:42.111Z"}
{"level":"info","message":"Data for AAPL up to 2024-11-29 already exists. Skipping update.","service":"user-service","timestamp":"2024-12-01T20:15:42.654Z"}
{"level":"info","message":"Fetched data for GOOG, last refreshed on 2024-11-29","service":"user-service","timestamp":"2024-12-01T20:15:57.791Z"}
{"level":"info","message":"Data for GOOG up to 2024-11-29 already exists. Skipping update.","service":"user-service","timestamp":"2024-12-01T20:15:57.836Z"}
{"level":"info","message":"Fetched data for MSFT, last refreshed on 2024-11-29","service":"user-service","timestamp":"2024-12-01T20:16:13.247Z"}
{"level":"info","message":"Data for MSFT up to 2024-11-29 already exists. Skipping update.","service":"user-service","timestamp":"2024-12-01T20:16:13.462Z"}
{"level":"info","message":"Fetched data for AMZN, last refreshed on 2024-11-29","service":"user-service","timestamp":"2024-12-01T20:16:28.592Z"}
{"level":"info","message":"Data for AMZN up to 2024-11-29 already exists. Skipping update.","service":"user-service","timestamp":"2024-12-01T20:16:28.642Z"}
{"level":"info","message":"Fetched data for META, last refreshed on 2024-11-29","service":"user-service","timestamp":"2024-12-01T20:16:43.764Z"}
{"level":"info","message":"Data for META up to 2024-11-29 already exists. Skipping update.","service":"user-service","timestamp":"2024-12-01T20:16:43.798Z"}
{"level":"info","message":"Fetched data for IBM, last refreshed on 2024-11-29","service":"user-service","timestamp":"2024-12-01T20:16:58.944Z"}
{"level":"info","message":"Data for IBM up to 2024-11-29 already exists. Skipping update.","service":"user-service","timestamp":"2024-12-01T20:16:58.994Z"}
{"level":"info","message":"Fetched data for TSLA, last refreshed on 2024-11-29","service":"user-service","timestamp":"2024-12-01T20:17:14.244Z"}
{"level":"info","message":"Data for TSLA up to 2024-11-29 already exists. Skipping update.","service":"user-service","timestamp":"2024-12-01T20:17:14.406Z"}
{"level":"info","message":"Fetched data for AAPL, last refreshed on 2024-12-12","service":"user-service","timestamp":"2024-12-13T02:27:06.672Z"}
{"level":"info","message":"New data for AAPL up to 2024-12-12 has been added to the database.","service":"user-service","timestamp":"2024-12-13T02:27:07.079Z"}
{"level":"info","message":"Fetched data for GOOG, last refreshed on 2024-12-12","service":"user-service","timestamp":"2024-12-13T02:27:22.193Z"}
{"level":"info","message":"New data for GOOG up to 2024-12-12 has been added to the database.","service":"user-service","timestamp":"2024-12-13T02:27:22.242Z"}
{"level":"info","message":"Fetched data for MSFT, last refreshed on 2024-12-12","service":"user-service","timestamp":"2024-12-13T02:27:37.358Z"}
{"level":"info","message":"New data for MSFT up to 2024-12-12 has been added to the database.","service":"user-service","timestamp":"2024-12-13T02:27:37.400Z"}
{"level":"info","message":"Fetched data for AMZN, last refreshed on 2024-12-12","service":"user-service","timestamp":"2024-12-13T02:27:52.522Z"}
{"level":"info","message":"New data for AMZN up to 2024-12-12 has been added to the database.","service":"user-service","timestamp":"2024-12-13T02:27:52.564Z"}
{"level":"info","message":"Fetched data for META, last refreshed on 2024-12-12","service":"user-service","timestamp":"2024-12-13T02:28:07.669Z"}
{"level":"info","message":"New data for META up to 2024-12-12 has been added to the database.","service":"user-service","timestamp":"2024-12-13T02:28:07.709Z"}
{"level":"info","message":"Fetched data for IBM, last refreshed on 2024-12-12","service":"user-service","timestamp":"2024-12-13T02:28:22.881Z"}
{"level":"info","message":"New data for IBM up to 2024-12-12 has been added to the database.","service":"user-service","timestamp":"2024-12-13T02:28:22.920Z"}
{"level":"info","message":"Fetched data for TSLA, last refreshed on 2024-12-12","service":"user-service","timestamp":"2024-12-13T02:28:38.070Z"}
{"level":"info","message":"New data for TSLA up to 2024-12-12 has been added to the database.","service":"user-service","timestamp":"2024-12-13T02:28:38.108Z"}
{"level":"info","message":"Fetched data for AAPL, last refreshed on 2024-12-12","service":"user-service","timestamp":"2024-12-13T02:43:42.927Z"}
{"level":"info","message":"Data for AAPL up to 2024-12-12 already exists. Skipping update.","service":"user-service","timestamp":"2024-12-13T02:43:43.304Z"}
{"level":"info","message":"Fetched data for GOOG, last refreshed on 2024-12-12","service":"user-service","timestamp":"2024-12-13T02:43:58.447Z"}
{"level":"info","message":"Data for GOOG up to 2024-12-12 already exists. Skipping update.","service":"user-service","timestamp":"2024-12-13T02:43:58.487Z"}
{"level":"info","message":"Fetched data for MSFT, last refreshed on 2024-12-12","service":"user-service","timestamp":"2024-12-13T02:44:13.616Z"}
{"level":"info","message":"Data for MSFT up to 2024-12-12 already exists. Skipping update.","service":"user-service","timestamp":"2024-12-13T02:44:13.701Z"}
{"level":"info","message":"Fetched data for AAPL, last refreshed on 2024-12-12","service":"user-service","timestamp":"2024-12-13T02:44:34.635Z"}
{"level":"info","message":"Data for AAPL up to 2024-12-12 already exists. Skipping update.","service":"user-service","timestamp":"2024-12-13T02:44:34.989Z"}
{"level":"info","message":"Fetched data for GOOG, last refreshed on 2024-12-12","service":"user-service","timestamp":"2024-12-13T02:44:50.109Z"}
{"level":"info","message":"Data for GOOG up to 2024-12-12 already exists. Skipping update.","service":"user-service","timestamp":"2024-12-13T02:44:50.155Z"}
{"level":"info","message":"Fetched data for MSFT, last refreshed on 2024-12-12","service":"user-service","timestamp":"2024-12-13T02:45:05.336Z"}
{"level":"info","message":"Data for MSFT up to 2024-12-12 already exists. Skipping update.","service":"user-service","timestamp":"2024-12-13T02:45:05.424Z"}
{"level":"info","message":"Fetched data for AMZN, last refreshed on 2024-12-12","service":"user-service","timestamp":"2024-12-13T02:45:20.618Z"}
{"level":"info","message":"Data for AMZN up to 2024-12-12 already exists. Skipping update.","service":"user-service","timestamp":"2024-12-13T02:45:20.663Z"}
{"level":"info","message":"Fetched data for META, last refreshed on 2024-12-12","service":"user-service","timestamp":"2024-12-13T02:45:35.790Z"}
{"level":"info","message":"Data for META up to 2024-12-12 already exists. Skipping update.","service":"user-service","timestamp":"2024-12-13T02:45:35.828Z"}
{"level":"info","message":"Fetched data for IBM, last refreshed on 2024-12-12","service":"user-service","timestamp":"2024-12-13T02:45:50.979Z"}
{"level":"info","message":"Data for IBM up to 2024-12-12 already exists. Skipping update.","service":"user-service","timestamp":"2024-12-13T02:45:51.027Z"}
{"level":"info","message":"Fetched data for TSLA, last refreshed on 2024-12-12","service":"user-service","timestamp":"2024-12-13T02:46:06.162Z"}
{"level":"info","message":"Data for TSLA up to 2024-12-12 already exists. Skipping update.","service":"user-service","timestamp":"2024-12-13T02:46:06.201Z"}
{"level":"info","message":"Fetched data for AAPL, last refreshed on 2024-12-12","service":"user-service","timestamp":"2024-12-13T02:47:11.954Z"}
{"level":"info","message":"Data for AAPL up to 2024-12-12 already exists. Skipping update.","service":"user-service","timestamp":"2024-12-13T02:47:12.352Z"}
{"level":"info","message":"Fetched data for AAPL, last refreshed on 2024-12-12","service":"user-service","timestamp":"2024-12-13T02:47:18.378Z"}
{"level":"info","message":"Data for AAPL up to 2024-12-12 already exists. Skipping update.","service":"user-service","timestamp":"2024-12-13T02:47:18.738Z"}
{"level":"info","message":"Fetched data for AAPL, last refreshed on 2024-12-12","service":"user-service","timestamp":"2024-12-13T02:48:01.848Z"}
{"level":"info","message":"Data for AAPL up to 2024-12-12 already exists. Skipping update.","service":"user-service","timestamp":"2024-12-13T02:48:02.193Z"}
{"level":"info","message":"Fetched data for AAPL, last refreshed on 2024-12-12","service":"user-service","timestamp":"2024-12-13T02:48:06.514Z"}
{"level":"info","message":"Data for AAPL up to 2024-12-12 already exists. Skipping update.","service":"user-service","timestamp":"2024-12-13T02:48:06.894Z"}
{"level":"info","message":"Fetched data for AAPL, last refreshed on 2024-12-12","service":"user-service","timestamp":"2024-12-13T02:48:10.938Z"}
{"level":"info","message":"Data for AAPL up to 2024-12-12 already exists. Skipping update.","service":"user-service","timestamp":"2024-12-13T02:48:11.317Z"}
{"level":"info","message":"Fetched data for AAPL, last refreshed on 2024-12-12","service":"user-service","timestamp":"2024-12-13T02:48:15.867Z"}
{"level":"info","message":"Data for AAPL up to 2024-12-12 already exists. Skipping update.","service":"user-service","timestamp":"2024-12-13T02:48:16.225Z"}
{"level":"info","message":"Fetched data for AAPL, last refreshed on 2024-12-12","service":"user-service","timestamp":"2024-12-13T02:48:22.915Z"}
{"level":"info","message":"Data for AAPL up to 2024-12-12 already exists. Skipping update.","service":"user-service","timestamp":"2024-12-13T02:48:23.279Z"}
{"level":"info","message":"Fetched data for GOOG, last refreshed on 2024-12-12","service":"user-service","timestamp":"2024-12-13T02:48:38.450Z"}
{"level":"info","message":"Data for GOOG up to 2024-12-12 already exists. Skipping update.","service":"user-service","timestamp":"2024-12-13T02:48:38.486Z"}
{"level":"info","message":"Fetched data for MSFT, last refreshed on 2024-12-12","service":"user-service","timestamp":"2024-12-13T02:48:53.615Z"}
{"level":"info","message":"Data for MSFT up to 2024-12-12 already exists. Skipping update.","service":"user-service","timestamp":"2024-12-13T02:48:53.694Z"}
{"level":"error","message":"Error fetching data for AMZN: Cannot read properties of undefined (reading '3. Last Refreshed')","service":"user-service","timestamp":"2024-12-13T02:49:08.784Z"}
{"level":"error","message":"Error fetching data for META: Cannot read properties of undefined (reading '3. Last Refreshed')","service":"user-service","timestamp":"2024-12-13T02:49:23.873Z"}
{"level":"error","message":"Error fetching data for IBM: Cannot read properties of undefined (reading '3. Last Refreshed')","service":"user-service","timestamp":"2024-12-13T02:49:38.961Z"}
{"level":"error","message":"Error fetching data for AAPL: Cannot read properties of undefined (reading '3. Last Refreshed')","service":"user-service","timestamp":"2024-12-13T02:49:52.998Z"}
{"level":"error","message":"Error fetching data for AAPL: Cannot read properties of undefined (reading '3. Last Refreshed')","service":"user-service","timestamp":"2024-12-13T02:49:56.987Z"}
{"level":"error","message":"Error fetching data for AAPL: Cannot read properties of undefined (reading '3. Last Refreshed')","service":"user-service","timestamp":"2024-12-13T02:50:02.581Z"}
{"level":"error","message":"Error fetching data for AAPL: Cannot read properties of undefined (reading '3. Last Refreshed')","service":"user-service","timestamp":"2024-12-13T02:51:35.967Z"}
{"level":"error","message":"Error fetching data for GOOG: Cannot read properties of undefined (reading '3. Last Refreshed')","service":"user-service","timestamp":"2024-12-13T02:51:51.057Z"}
{"level":"error","message":"Error fetching data for MSFT: Cannot read properties of undefined (reading '3. Last Refreshed')","service":"user-service","timestamp":"2024-12-13T02:52:06.145Z"}
{"level":"error","message":"Error fetching data for AMZN: Cannot read properties of undefined (reading '3. Last Refreshed')","service":"user-service","timestamp":"2024-12-13T02:52:21.301Z"}
{"level":"error","message":"Error fetching data for META: Cannot read properties of undefined (reading '3. Last Refreshed')","service":"user-service","timestamp":"2024-12-13T02:52:36.383Z"}
{"level":"error","message":"Error fetching data for IBM: Cannot read properties of undefined (reading '3. Last Refreshed')","service":"user-service","timestamp":"2024-12-13T02:52:51.472Z"}
{"level":"error","message":"Error fetching data for TSLA: Cannot read properties of undefined (reading '3. Last Refreshed')","service":"user-service","timestamp":"2024-12-13T02:53:06.556Z"}
{"level":"error","message":"Error fetching data for AAPL: Cannot read properties of undefined (reading '3. Last Refreshed')","service":"user-service","timestamp":"2024-12-13T02:53:19.712Z"}
{"level":"error","message":"Error fetching data for AAPL: Cannot read properties of undefined (reading '3. Last Refreshed')","service":"user-service","timestamp":"2024-12-13T02:53:28.531Z"}
{"level":"error","message":"Error fetching data for AAPL: Cannot read properties of undefined (reading '3. Last Refreshed')","service":"user-service","timestamp":"2024-12-13T02:53:48.156Z"}
{"level":"error","message":"Error fetching data for AAPL: Cannot read properties of undefined (reading '3. Last Refreshed')","service":"user-service","timestamp":"2024-12-13T02:53:49.992Z"}
{"level":"error","message":"Error fetching data for AAPL: Cannot read properties of undefined (reading '3. Last Refreshed')","service":"user-service","timestamp":"2024-12-13T02:54:03.675Z"}
{"level":"error","message":"Error fetching data for GOOG: Cannot read properties of undefined (reading '3. Last Refreshed')","service":"user-service","timestamp":"2024-12-13T02:54:18.778Z"}
{"level":"error","message":"Error fetching data for AAPL: Cannot read properties of undefined (reading '3. Last Refreshed')","service":"user-service","timestamp":"2024-12-13T02:54:23.775Z"}
{"level":"error","message":"Error fetching data for AAPL: Cannot read properties of undefined (reading '3. Last Refreshed')","service":"user-service","timestamp":"2024-12-13T02:54:24.801Z"}
{"level":"error","message":"Error fetching data for GOOG: Cannot read properties of undefined (reading '3. Last Refreshed')","service":"user-service","timestamp":"2024-12-13T02:54:39.903Z"}
{"level":"error","message":"Error fetching data for MSFT: Cannot read properties of undefined (reading '3. Last Refreshed')","service":"user-service","timestamp":"2024-12-13T02:54:55.007Z"}
{"level":"error","message":"Error fetching data for AMZN: Cannot read properties of undefined (reading '3. Last Refreshed')","service":"user-service","timestamp":"2024-12-13T02:55:10.094Z"}
{"level":"error","message":"Error fetching data for META: Cannot read properties of undefined (reading '3. Last Refreshed')","service":"user-service","timestamp":"2024-12-13T02:55:25.199Z"}
{"level":"error","message":"Error fetching data for IBM: Cannot read properties of undefined (reading '3. Last Refreshed')","service":"user-service","timestamp":"2024-12-13T02:55:40.310Z"}
{"level":"error","message":"Error fetching data for TSLA: Cannot read properties of undefined (reading '3. Last Refreshed')","service":"user-service","timestamp":"2024-12-13T02:55:55.402Z"}
{"level":"error","message":"Error fetching data for AAPL: Cannot read properties of undefined (reading '3. Last Refreshed')","service":"user-service","timestamp":"2024-12-13T02:56:18.836Z"}
{"level":"error","message":"Error fetching data for GOOG: Cannot read properties of undefined (reading '3. Last Refreshed')","service":"user-service","timestamp":"2024-12-13T02:56:33.931Z"}
{"level":"error","message":"Error fetching data for AAPL: Cannot read properties of undefined (reading '3. Last Refreshed')","service":"user-service","timestamp":"2024-12-13T02:56:43.959Z"}
{"level":"error","message":"Error fetching data for AAPL: Cannot read properties of undefined (reading '3. Last Refreshed')","service":"user-service","timestamp":"2024-12-13T02:56:45.005Z"}
{"level":"error","message":"Error fetching data for AAPL: Cannot read properties of undefined (reading '3. Last Refreshed')","service":"user-service","timestamp":"2024-12-13T02:56:46.040Z"}
{"level":"error","message":"Error fetching data for GOOG: Cannot read properties of undefined (reading '3. Last Refreshed')","service":"user-service","timestamp":"2024-12-13T02:57:01.528Z"}
{"level":"error","message":"Error fetching data for MSFT: Cannot read properties of undefined (reading '3. Last Refreshed')","service":"user-service","timestamp":"2024-12-13T02:57:16.606Z"}
{"level":"error","message":"Error fetching data for AAPL: Cannot read properties of undefined (reading '3. Last Refreshed')","service":"user-service","timestamp":"2024-12-13T02:57:31.086Z"}
{"level":"error","message":"Error fetching data for GOOG: Cannot read properties of undefined (reading '3. Last Refreshed')","service":"user-service","timestamp":"2024-12-13T02:57:46.179Z"}
{"level":"error","message":"Error fetching data for AAPL: Cannot read properties of undefined (reading '3. Last Refreshed')","service":"user-service","timestamp":"2024-12-13T02:57:59.180Z"}
{"level":"error","message":"Error fetching data for GOOG: Cannot read properties of undefined (reading '3. Last Refreshed')","service":"user-service","timestamp":"2024-12-13T02:58:14.288Z"}
{"level":"error","message":"Error fetching data for AAPL: Cannot read properties of undefined (reading '3. Last Refreshed')","service":"user-service","timestamp":"2024-12-13T03:04:22.773Z"}
{"level":"error","message":"Error fetching data for GOOG: Cannot read properties of undefined (reading '3. Last Refreshed')","service":"user-service","timestamp":"2024-12-13T03:04:37.864Z"}
{"level":"error","message":"Error fetching data for MSFT: Cannot read properties of undefined (reading '3. Last Refreshed')","service":"user-service","timestamp":"2024-12-13T03:04:52.950Z"}
{"level":"error","message":"Error fetching data for AMZN: Cannot read properties of undefined (reading '3. Last Refreshed')","service":"user-service","timestamp":"2024-12-13T03:05:08.376Z"}
{"level":"error","message":"Error fetching data for META: Cannot read properties of undefined (reading '3. Last Refreshed')","service":"user-service","timestamp":"2024-12-13T03:05:23.460Z"}
{"level":"error","message":"Error fetching data for IBM: Cannot read properties of undefined (reading '3. Last Refreshed')","service":"user-service","timestamp":"2024-12-13T03:05:38.554Z"}
{"level":"error","message":"Error fetching data for TSLA: Cannot read properties of undefined (reading '3. Last Refreshed')","service":"user-service","timestamp":"2024-12-13T03:05:53.636Z"}
