{"level":"error","message":"Error; Error: Command failed: python3 history_analysis.py\npython3: can't open file '/Users/qaseembarnhardt/Desktop/CODING/StockMarket/history_analysis.py': [Errno 2] No such file or directory\n","service":"user-service","timestamp":"2024-11-16T18:35:48.962Z"}
{"level":"error","message":"Error; Error: Command failed: python history_analysis.py\npython: can't open file '/Users/qaseembarnhardt/Desktop/CODING/StockMarket/history_analysis.py': [Errno 2] No such file or directory\n","service":"user-service","timestamp":"2024-11-16T18:36:18.359Z"}
{"level":"error","message":"Error; Error: Command failed: python3 history_analysis.py\n","service":"user-service","timestamp":"2024-11-16T18:44:07.829Z"}
{"level":"error","message":"Error; Error: Command failed: python history_analysis.py\n","service":"user-service","timestamp":"2024-11-16T18:44:31.720Z"}
{"level":"error","message":"Error: Command failed: python3 history_analysis.py\n","service":"user-service","timestamp":"2024-11-16T18:46:05.787Z"}
{"level":"error","message":"Error: Command failed: python3 history_analysis.py\n","service":"user-service","timestamp":"2024-11-16T18:50:57.317Z"}
{"level":"error","message":"atderr: ","service":"user-service","timestamp":"2024-11-16T18:50:57.324Z"}
{"level":"error","message":"stdout ","service":"user-service","timestamp":"2024-11-16T18:50:57.324Z"}
{"level":"error","message":"Error: Command failed: python3 history_analysis.py\n","service":"user-service","timestamp":"2024-11-16T18:51:19.339Z"}
{"level":"error","message":"atderr: ","service":"user-service","timestamp":"2024-11-16T18:51:19.342Z"}
{"level":"error","message":"stdout ","service":"user-service","timestamp":"2024-11-16T18:51:19.342Z"}
{"level":"error","message":"Error: Command failed: python3 history_analysis.py\n","service":"user-service","timestamp":"2024-11-16T18:52:53.769Z"}
{"level":"error","message":"atderr: ","service":"user-service","timestamp":"2024-11-16T18:52:53.769Z"}
{"level":"error","message":"stdout ","service":"user-service","timestamp":"2024-11-16T18:52:53.770Z"}
{"level":"error","message":"Error: Command failed: python3 history_analysis.py\n/Users/qaseembarnhardt/anaconda3/lib/python3.11/site-packages/_plotly_utils/basevalidators.py:106: FutureWarning: The behavior of DatetimeProperties.to_pydatetime is deprecated, in a future version this will return a Series containing python datetime objects instead of an ndarray. To retain the old behavior, call `np.array` on the result\n  v = v.dt.to_pydatetime()\n/Users/qaseembarnhardt/anaconda3/lib/python3.11/site-packages/_plotly_utils/basevalidators.py:106: FutureWarning:\n\nThe behavior of DatetimeProperties.to_pydatetime is deprecated, in a future version this will return a Series containing python datetime objects instead of an ndarray. To retain the old behavior, call `np.array` on the result\n\n","service":"user-service","timestamp":"2024-11-16T20:11:12.259Z"}
{"level":"error","message":"atderr: /Users/qaseembarnhardt/anaconda3/lib/python3.11/site-packages/_plotly_utils/basevalidators.py:106: FutureWarning: The behavior of DatetimeProperties.to_pydatetime is deprecated, in a future version this will return a Series containing python datetime objects instead of an ndarray. To retain the old behavior, call `np.array` on the result\n  v = v.dt.to_pydatetime()\n/Users/qaseembarnhardt/anaconda3/lib/python3.11/site-packages/_plotly_utils/basevalidators.py:106: FutureWarning:\n\nThe behavior of DatetimeProperties.to_pydatetime is deprecated, in a future version this will return a Series containing python datetime objects instead of an ndarray. To retain the old behavior, call `np.array` on the result\n\n","service":"user-service","timestamp":"2024-11-16T20:11:12.262Z"}
{"level":"error","message":"stdout ","service":"user-service","timestamp":"2024-11-16T20:11:12.262Z"}
{"level":"error","message":"Error fetching data for AMZN: Cannot read properties of undefined (reading '3. Last Refreshed')","service":"user-service","timestamp":"2024-12-13T02:49:08.784Z"}
{"level":"error","message":"Error fetching data for META: Cannot read properties of undefined (reading '3. Last Refreshed')","service":"user-service","timestamp":"2024-12-13T02:49:23.873Z"}
{"level":"error","message":"Error fetching data for IBM: Cannot read properties of undefined (reading '3. Last Refreshed')","service":"user-service","timestamp":"2024-12-13T02:49:38.961Z"}
{"level":"error","message":"Error fetching data for AAPL: Cannot read properties of undefined (reading '3. Last Refreshed')","service":"user-service","timestamp":"2024-12-13T02:49:52.998Z"}
{"level":"error","message":"Error fetching data for AAPL: Cannot read properties of undefined (reading '3. Last Refreshed')","service":"user-service","timestamp":"2024-12-13T02:49:56.987Z"}
{"level":"error","message":"Error fetching data for AAPL: Cannot read properties of undefined (reading '3. Last Refreshed')","service":"user-service","timestamp":"2024-12-13T02:50:02.581Z"}
{"level":"error","message":"Error fetching data for AAPL: Cannot read properties of undefined (reading '3. Last Refreshed')","service":"user-service","timestamp":"2024-12-13T02:51:35.967Z"}
{"level":"error","message":"Error fetching data for GOOG: Cannot read properties of undefined (reading '3. Last Refreshed')","service":"user-service","timestamp":"2024-12-13T02:51:51.057Z"}
{"level":"error","message":"Error fetching data for MSFT: Cannot read properties of undefined (reading '3. Last Refreshed')","service":"user-service","timestamp":"2024-12-13T02:52:06.145Z"}
{"level":"error","message":"Error fetching data for AMZN: Cannot read properties of undefined (reading '3. Last Refreshed')","service":"user-service","timestamp":"2024-12-13T02:52:21.301Z"}
{"level":"error","message":"Error fetching data for META: Cannot read properties of undefined (reading '3. Last Refreshed')","service":"user-service","timestamp":"2024-12-13T02:52:36.383Z"}
{"level":"error","message":"Error fetching data for IBM: Cannot read properties of undefined (reading '3. Last Refreshed')","service":"user-service","timestamp":"2024-12-13T02:52:51.472Z"}
{"level":"error","message":"Error fetching data for TSLA: Cannot read properties of undefined (reading '3. Last Refreshed')","service":"user-service","timestamp":"2024-12-13T02:53:06.556Z"}
{"level":"error","message":"Error fetching data for AAPL: Cannot read properties of undefined (reading '3. Last Refreshed')","service":"user-service","timestamp":"2024-12-13T02:53:19.712Z"}
{"level":"error","message":"Error fetching data for AAPL: Cannot read properties of undefined (reading '3. Last Refreshed')","service":"user-service","timestamp":"2024-12-13T02:53:28.531Z"}
{"level":"error","message":"Error fetching data for AAPL: Cannot read properties of undefined (reading '3. Last Refreshed')","service":"user-service","timestamp":"2024-12-13T02:53:48.156Z"}
{"level":"error","message":"Error fetching data for AAPL: Cannot read properties of undefined (reading '3. Last Refreshed')","service":"user-service","timestamp":"2024-12-13T02:53:49.992Z"}
{"level":"error","message":"Error fetching data for AAPL: Cannot read properties of undefined (reading '3. Last Refreshed')","service":"user-service","timestamp":"2024-12-13T02:54:03.675Z"}
{"level":"error","message":"Error fetching data for GOOG: Cannot read properties of undefined (reading '3. Last Refreshed')","service":"user-service","timestamp":"2024-12-13T02:54:18.778Z"}
{"level":"error","message":"Error fetching data for AAPL: Cannot read properties of undefined (reading '3. Last Refreshed')","service":"user-service","timestamp":"2024-12-13T02:54:23.775Z"}
{"level":"error","message":"Error fetching data for AAPL: Cannot read properties of undefined (reading '3. Last Refreshed')","service":"user-service","timestamp":"2024-12-13T02:54:24.801Z"}
{"level":"error","message":"Error fetching data for GOOG: Cannot read properties of undefined (reading '3. Last Refreshed')","service":"user-service","timestamp":"2024-12-13T02:54:39.903Z"}
{"level":"error","message":"Error fetching data for MSFT: Cannot read properties of undefined (reading '3. Last Refreshed')","service":"user-service","timestamp":"2024-12-13T02:54:55.007Z"}
{"level":"error","message":"Error fetching data for AMZN: Cannot read properties of undefined (reading '3. Last Refreshed')","service":"user-service","timestamp":"2024-12-13T02:55:10.094Z"}
{"level":"error","message":"Error fetching data for META: Cannot read properties of undefined (reading '3. Last Refreshed')","service":"user-service","timestamp":"2024-12-13T02:55:25.199Z"}
{"level":"error","message":"Error fetching data for IBM: Cannot read properties of undefined (reading '3. Last Refreshed')","service":"user-service","timestamp":"2024-12-13T02:55:40.310Z"}
{"level":"error","message":"Error fetching data for TSLA: Cannot read properties of undefined (reading '3. Last Refreshed')","service":"user-service","timestamp":"2024-12-13T02:55:55.402Z"}
{"level":"error","message":"Error fetching data for AAPL: Cannot read properties of undefined (reading '3. Last Refreshed')","service":"user-service","timestamp":"2024-12-13T02:56:18.836Z"}
{"level":"error","message":"Error fetching data for GOOG: Cannot read properties of undefined (reading '3. Last Refreshed')","service":"user-service","timestamp":"2024-12-13T02:56:33.931Z"}
{"level":"error","message":"Error fetching data for AAPL: Cannot read properties of undefined (reading '3. Last Refreshed')","service":"user-service","timestamp":"2024-12-13T02:56:43.959Z"}
{"level":"error","message":"Error fetching data for AAPL: Cannot read properties of undefined (reading '3. Last Refreshed')","service":"user-service","timestamp":"2024-12-13T02:56:45.005Z"}
{"level":"error","message":"Error fetching data for AAPL: Cannot read properties of undefined (reading '3. Last Refreshed')","service":"user-service","timestamp":"2024-12-13T02:56:46.040Z"}
{"level":"error","message":"Error fetching data for GOOG: Cannot read properties of undefined (reading '3. Last Refreshed')","service":"user-service","timestamp":"2024-12-13T02:57:01.528Z"}
{"level":"error","message":"Error fetching data for MSFT: Cannot read properties of undefined (reading '3. Last Refreshed')","service":"user-service","timestamp":"2024-12-13T02:57:16.606Z"}
{"level":"error","message":"Error fetching data for AAPL: Cannot read properties of undefined (reading '3. Last Refreshed')","service":"user-service","timestamp":"2024-12-13T02:57:31.086Z"}
{"level":"error","message":"Error fetching data for GOOG: Cannot read properties of undefined (reading '3. Last Refreshed')","service":"user-service","timestamp":"2024-12-13T02:57:46.179Z"}
{"level":"error","message":"Error fetching data for AAPL: Cannot read properties of undefined (reading '3. Last Refreshed')","service":"user-service","timestamp":"2024-12-13T02:57:59.180Z"}
{"level":"error","message":"Error fetching data for GOOG: Cannot read properties of undefined (reading '3. Last Refreshed')","service":"user-service","timestamp":"2024-12-13T02:58:14.288Z"}
{"level":"error","message":"Error fetching data for AAPL: Cannot read properties of undefined (reading '3. Last Refreshed')","service":"user-service","timestamp":"2024-12-13T03:04:22.773Z"}
{"level":"error","message":"Error fetching data for GOOG: Cannot read properties of undefined (reading '3. Last Refreshed')","service":"user-service","timestamp":"2024-12-13T03:04:37.864Z"}
{"level":"error","message":"Error fetching data for MSFT: Cannot read properties of undefined (reading '3. Last Refreshed')","service":"user-service","timestamp":"2024-12-13T03:04:52.950Z"}
{"level":"error","message":"Error fetching data for AMZN: Cannot read properties of undefined (reading '3. Last Refreshed')","service":"user-service","timestamp":"2024-12-13T03:05:08.376Z"}
{"level":"error","message":"Error fetching data for META: Cannot read properties of undefined (reading '3. Last Refreshed')","service":"user-service","timestamp":"2024-12-13T03:05:23.460Z"}
{"level":"error","message":"Error fetching data for IBM: Cannot read properties of undefined (reading '3. Last Refreshed')","service":"user-service","timestamp":"2024-12-13T03:05:38.554Z"}
{"level":"error","message":"Error fetching data for TSLA: Cannot read properties of undefined (reading '3. Last Refreshed')","service":"user-service","timestamp":"2024-12-13T03:05:53.636Z"}
{"level":"error","message":"Error fetching data for GOOG: Cannot read properties of undefined (reading '3. Last Refreshed')","service":"user-service","timestamp":"2024-12-18T21:00:18.359Z"}
{"level":"error","message":"Error fetching data for MSFT: Cannot read properties of undefined (reading '3. Last Refreshed')","service":"user-service","timestamp":"2024-12-18T21:00:33.466Z"}
{"level":"error","message":"Error fetching data for AMZN: Cannot read properties of undefined (reading '3. Last Refreshed')","service":"user-service","timestamp":"2024-12-18T21:00:48.647Z"}
{"level":"error","message":"Error fetching data for META: Cannot read properties of undefined (reading '3. Last Refreshed')","service":"user-service","timestamp":"2024-12-18T21:01:04.156Z"}
{"level":"error","message":"Error fetching data for IBM: Cannot read properties of undefined (reading '3. Last Refreshed')","service":"user-service","timestamp":"2024-12-18T21:01:19.255Z"}
{"level":"error","message":"Error fetching data for TSLA: Cannot read properties of undefined (reading '3. Last Refreshed')","service":"user-service","timestamp":"2024-12-18T21:01:34.392Z"}
{"level":"error","message":"Error fetching data for NVDA: Cannot read properties of undefined (reading '3. Last Refreshed')","service":"user-service","timestamp":"2024-12-18T21:01:49.580Z"}
{"level":"error","message":"Error fetching data for AVGO: Cannot read properties of undefined (reading '3. Last Refreshed')","service":"user-service","timestamp":"2024-12-18T21:02:04.730Z"}
{"level":"error","message":"Error fetching data for TSM: Cannot read properties of undefined (reading '3. Last Refreshed')","service":"user-service","timestamp":"2024-12-18T21:02:19.918Z"}
{"level":"error","message":"Error fetching data for JPM: Cannot read properties of undefined (reading '3. Last Refreshed')","service":"user-service","timestamp":"2024-12-18T21:02:35.154Z"}
{"level":"error","message":"Error fetching data for MA: Cannot read properties of undefined (reading '3. Last Refreshed')","service":"user-service","timestamp":"2024-12-18T21:02:50.235Z"}
{"level":"error","message":"Error fetching data for COST: Cannot read properties of undefined (reading '3. Last Refreshed')","service":"user-service","timestamp":"2024-12-18T21:03:05.336Z"}
{"level":"error","message":"Error fetching data for PG: Cannot read properties of undefined (reading '3. Last Refreshed')","service":"user-service","timestamp":"2024-12-18T21:03:20.481Z"}
{"level":"error","message":"Error fetching data for NFLX: Cannot read properties of undefined (reading '3. Last Refreshed')","service":"user-service","timestamp":"2024-12-18T21:03:35.595Z"}
{"level":"error","message":"Error fetching data for JNJ: Cannot read properties of undefined (reading '3. Last Refreshed')","service":"user-service","timestamp":"2024-12-18T21:03:50.690Z"}
{"level":"error","message":"Error fetching data for BAC: Cannot read properties of undefined (reading '3. Last Refreshed')","service":"user-service","timestamp":"2024-12-18T21:04:05.874Z"}
{"level":"error","message":"Error fetching data for CRM: Cannot read properties of undefined (reading '3. Last Refreshed')","service":"user-service","timestamp":"2024-12-18T21:04:21.015Z"}
{"level":"error","message":"Error fetching data for TM: Cannot read properties of undefined (reading '3. Last Refreshed')","service":"user-service","timestamp":"2024-12-18T21:04:36.157Z"}
{"level":"error","message":"Error fetching data for KO: Cannot read properties of undefined (reading '3. Last Refreshed')","service":"user-service","timestamp":"2024-12-18T21:04:51.294Z"}
{"level":"error","message":"Error fetching data for BAC: Cannot read properties of undefined (reading '3. Last Refreshed')","service":"user-service","timestamp":"2025-01-08T16:48:58.070Z"}
{"level":"error","message":"Error fetching data for CRM: Cannot read properties of undefined (reading '3. Last Refreshed')","service":"user-service","timestamp":"2025-01-08T16:49:13.159Z"}
{"level":"error","message":"Error fetching data for TM: Cannot read properties of undefined (reading '3. Last Refreshed')","service":"user-service","timestamp":"2025-01-08T16:49:28.240Z"}
{"level":"error","message":"Error fetching data for KO: Cannot read properties of undefined (reading '3. Last Refreshed')","service":"user-service","timestamp":"2025-01-08T16:49:43.327Z"}
{"level":"error","message":"Error fetching data for NVDA: Cannot read properties of undefined (reading '3. Last Refreshed')","service":"user-service","timestamp":"2025-01-09T04:24:54.014Z"}
{"level":"error","message":"Error fetching data for AVGO: Cannot read properties of undefined (reading '3. Last Refreshed')","service":"user-service","timestamp":"2025-01-09T04:25:09.088Z"}
{"level":"error","message":"Error fetching data for TSM: Cannot read properties of undefined (reading '3. Last Refreshed')","service":"user-service","timestamp":"2025-01-09T04:25:24.247Z"}
{"level":"error","message":"Error fetching data for JPM: Cannot read properties of undefined (reading '3. Last Refreshed')","service":"user-service","timestamp":"2025-01-09T04:25:39.331Z"}
{"level":"error","message":"Error fetching data for MA: Cannot read properties of undefined (reading '3. Last Refreshed')","service":"user-service","timestamp":"2025-01-09T04:25:54.426Z"}
{"level":"error","message":"Error fetching data for COST: Cannot read properties of undefined (reading '3. Last Refreshed')","service":"user-service","timestamp":"2025-01-09T04:26:09.490Z"}
{"level":"error","message":"Error fetching data for PG: Cannot read properties of undefined (reading '3. Last Refreshed')","service":"user-service","timestamp":"2025-01-09T04:26:24.558Z"}
{"level":"error","message":"Error fetching data for NFLX: Cannot read properties of undefined (reading '3. Last Refreshed')","service":"user-service","timestamp":"2025-01-09T04:26:39.629Z"}
{"level":"error","message":"Error fetching data for JNJ: Cannot read properties of undefined (reading '3. Last Refreshed')","service":"user-service","timestamp":"2025-01-09T04:26:54.703Z"}
{"level":"error","message":"Error fetching data for BAC: Cannot read properties of undefined (reading '3. Last Refreshed')","service":"user-service","timestamp":"2025-01-09T04:27:09.762Z"}
{"level":"error","message":"Error fetching data for CRM: Cannot read properties of undefined (reading '3. Last Refreshed')","service":"user-service","timestamp":"2025-01-09T04:27:24.851Z"}
{"level":"error","message":"Error fetching data for TM: Cannot read properties of undefined (reading '3. Last Refreshed')","service":"user-service","timestamp":"2025-01-09T04:27:39.936Z"}
{"level":"error","message":"Error fetching data for KO: Cannot read properties of undefined (reading '3. Last Refreshed')","service":"user-service","timestamp":"2025-01-09T04:27:55.001Z"}
{"level":"error","message":"Error fetching data for AAPL: Cannot read properties of undefined (reading '3. Last Refreshed')","service":"user-service","timestamp":"2025-01-09T04:34:15.891Z"}
{"level":"error","message":"Error fetching data for AAPL: Cannot read properties of undefined (reading '3. Last Refreshed')","service":"user-service","timestamp":"2025-01-09T04:34:20.576Z"}
{"level":"error","message":"Error fetching data for GOOG: Cannot read properties of undefined (reading '3. Last Refreshed')","service":"user-service","timestamp":"2025-01-09T04:34:35.671Z"}
{"level":"error","message":"Error fetching data for AAPL: Cannot read properties of undefined (reading '3. Last Refreshed')","service":"user-service","timestamp":"2025-01-09T04:34:49.810Z"}
{"level":"error","message":"Error fetching data for AAPL: Cannot read properties of undefined (reading '3. Last Refreshed')","service":"user-service","timestamp":"2025-01-09T04:34:51.071Z"}
{"level":"error","message":"Error fetching data for GOOG: Cannot read properties of undefined (reading '3. Last Refreshed')","service":"user-service","timestamp":"2025-01-09T04:35:06.137Z"}
{"level":"error","message":"Error fetching data for MSFT: Cannot read properties of undefined (reading '3. Last Refreshed')","service":"user-service","timestamp":"2025-01-09T04:35:21.217Z"}
{"level":"error","message":"Error fetching data for AMZN: Cannot read properties of undefined (reading '3. Last Refreshed')","service":"user-service","timestamp":"2025-01-09T04:35:36.275Z"}
{"level":"error","message":"Error fetching data for META: Cannot read properties of undefined (reading '3. Last Refreshed')","service":"user-service","timestamp":"2025-01-09T04:35:51.346Z"}
{"level":"error","message":"Error fetching data for IBM: Cannot read properties of undefined (reading '3. Last Refreshed')","service":"user-service","timestamp":"2025-01-09T04:36:06.186Z"}
{"level":"error","message":"Error fetching data for TSLA: Cannot read properties of undefined (reading '3. Last Refreshed')","service":"user-service","timestamp":"2025-01-09T04:36:21.253Z"}
{"level":"error","message":"Error fetching data for NVDA: Cannot read properties of undefined (reading '3. Last Refreshed')","service":"user-service","timestamp":"2025-01-09T04:36:36.318Z"}
{"level":"error","message":"Error fetching data for AVGO: Cannot read properties of undefined (reading '3. Last Refreshed')","service":"user-service","timestamp":"2025-01-09T04:36:51.382Z"}
{"level":"error","message":"Error fetching data for TSM: Cannot read properties of undefined (reading '3. Last Refreshed')","service":"user-service","timestamp":"2025-01-09T04:37:06.527Z"}
{"level":"error","message":"Error fetching data for JPM: Cannot read properties of undefined (reading '3. Last Refreshed')","service":"user-service","timestamp":"2025-01-09T04:37:21.608Z"}
{"level":"error","message":"Error fetching data for MA: Cannot read properties of undefined (reading '3. Last Refreshed')","service":"user-service","timestamp":"2025-01-09T04:37:36.680Z"}
{"level":"error","message":"Error fetching data for COST: Cannot read properties of undefined (reading '3. Last Refreshed')","service":"user-service","timestamp":"2025-01-09T04:37:51.770Z"}
{"level":"error","message":"Error fetching data for PG: Cannot read properties of undefined (reading '3. Last Refreshed')","service":"user-service","timestamp":"2025-01-09T04:38:06.856Z"}
{"level":"error","message":"Error fetching data for NFLX: Cannot read properties of undefined (reading '3. Last Refreshed')","service":"user-service","timestamp":"2025-01-09T04:38:21.922Z"}
{"level":"error","message":"Error fetching data for JNJ: Cannot read properties of undefined (reading '3. Last Refreshed')","service":"user-service","timestamp":"2025-01-09T04:38:37.016Z"}
{"level":"error","message":"Error fetching data for BAC: Cannot read properties of undefined (reading '3. Last Refreshed')","service":"user-service","timestamp":"2025-01-09T04:38:52.088Z"}
{"level":"error","message":"Error fetching data for CRM: Cannot read properties of undefined (reading '3. Last Refreshed')","service":"user-service","timestamp":"2025-01-09T04:39:07.162Z"}
{"level":"error","message":"Error fetching data for TM: Cannot read properties of undefined (reading '3. Last Refreshed')","service":"user-service","timestamp":"2025-01-09T04:39:22.261Z"}
{"level":"error","message":"Error fetching data for KO: Cannot read properties of undefined (reading '3. Last Refreshed')","service":"user-service","timestamp":"2025-01-09T04:39:37.363Z"}
{"level":"error","message":"Error fetching data for AAPL: Cannot read properties of undefined (reading '3. Last Refreshed')","service":"user-service","timestamp":"2025-01-09T04:47:35.268Z"}
{"level":"error","message":"Error fetching data for AAPL: Cannot read properties of undefined (reading '3. Last Refreshed')","service":"user-service","timestamp":"2025-01-09T04:47:42.437Z"}
{"level":"error","message":"Error fetching data for AAPL: Cannot read properties of undefined (reading '3. Last Refreshed')","service":"user-service","timestamp":"2025-01-09T04:47:44.904Z"}
{"level":"error","message":"Error fetching data for AAPL: Cannot read properties of undefined (reading '3. Last Refreshed')","service":"user-service","timestamp":"2025-01-09T04:47:48.481Z"}
{"level":"error","message":"Error fetching data for AAPL: Cannot read properties of undefined (reading '3. Last Refreshed')","service":"user-service","timestamp":"2025-01-09T04:47:51.285Z"}
{"level":"error","message":"Error fetching data for AAPL: Cannot read properties of undefined (reading '3. Last Refreshed')","service":"user-service","timestamp":"2025-01-09T04:47:58.003Z"}
{"level":"error","message":"Error fetching data for AAPL: Cannot read properties of undefined (reading '3. Last Refreshed')","service":"user-service","timestamp":"2025-01-09T04:48:02.896Z"}
{"level":"error","message":"Error fetching data for AAPL: Cannot read properties of undefined (reading '3. Last Refreshed')","service":"user-service","timestamp":"2025-01-09T04:48:14.406Z"}
{"level":"error","message":"Error fetching data for AAPL: Cannot read properties of undefined (reading '3. Last Refreshed')","service":"user-service","timestamp":"2025-01-09T04:48:17.068Z"}
{"level":"error","message":"Error fetching data for GOOG: Cannot read properties of undefined (reading '3. Last Refreshed')","service":"user-service","timestamp":"2025-01-09T04:48:32.134Z"}
{"level":"error","message":"Error fetching data for AAPL: Cannot read properties of undefined (reading '3. Last Refreshed')","service":"user-service","timestamp":"2025-01-09T04:48:44.104Z"}
{"level":"error","message":"Error fetching data for AAPL: Cannot read properties of undefined (reading '3. Last Refreshed')","service":"user-service","timestamp":"2025-01-09T04:48:46.971Z"}
{"level":"error","message":"Error fetching data for GOOG: Cannot read properties of undefined (reading '3. Last Refreshed')","service":"user-service","timestamp":"2025-01-09T04:49:02.949Z"}
{"level":"error","message":"Error fetching data for MSFT: Cannot read properties of undefined (reading '3. Last Refreshed')","service":"user-service","timestamp":"2025-01-09T04:49:18.022Z"}
{"level":"error","message":"Error fetching data for AMZN: Cannot read properties of undefined (reading '3. Last Refreshed')","service":"user-service","timestamp":"2025-01-09T04:49:33.100Z"}
{"level":"error","message":"Error fetching data for META: Cannot read properties of undefined (reading '3. Last Refreshed')","service":"user-service","timestamp":"2025-01-09T04:49:48.171Z"}
{"level":"error","message":"Error fetching data for IBM: Cannot read properties of undefined (reading '3. Last Refreshed')","service":"user-service","timestamp":"2025-01-09T04:50:03.729Z"}
{"level":"error","message":"Error fetching data for TSLA: Cannot read properties of undefined (reading '3. Last Refreshed')","service":"user-service","timestamp":"2025-01-09T04:50:18.819Z"}
{"level":"error","message":"Error fetching data for NVDA: Cannot read properties of undefined (reading '3. Last Refreshed')","service":"user-service","timestamp":"2025-01-09T04:50:33.882Z"}
{"level":"error","message":"Error fetching data for AAPL: Cannot read properties of undefined (reading '3. Last Refreshed')","service":"user-service","timestamp":"2025-01-09T04:50:40.258Z"}
{"level":"error","message":"Error fetching data for AAPL: Cannot read properties of undefined (reading '3. Last Refreshed')","service":"user-service","timestamp":"2025-01-09T04:50:43.316Z"}
{"level":"error","message":"Error fetching data for AAPL: Cannot read properties of undefined (reading '3. Last Refreshed')","service":"user-service","timestamp":"2025-01-09T04:50:46.782Z"}
{"level":"error","message":"Error fetching data for GOOG: Cannot read properties of undefined (reading '3. Last Refreshed')","service":"user-service","timestamp":"2025-01-09T04:51:01.986Z"}
{"level":"error","message":"Error fetching data for MSFT: Cannot read properties of undefined (reading '3. Last Refreshed')","service":"user-service","timestamp":"2025-01-09T04:51:17.046Z"}
{"level":"error","message":"Error fetching data for AMZN: Cannot read properties of undefined (reading '3. Last Refreshed')","service":"user-service","timestamp":"2025-01-09T04:51:32.117Z"}
{"level":"error","message":"Error fetching data for META: Cannot read properties of undefined (reading '3. Last Refreshed')","service":"user-service","timestamp":"2025-01-09T04:51:47.211Z"}
{"level":"error","message":"Error fetching data for IBM: Cannot read properties of undefined (reading '3. Last Refreshed')","service":"user-service","timestamp":"2025-01-09T04:52:03.244Z"}
{"level":"error","message":"Error fetching data for TSLA: Cannot read properties of undefined (reading '3. Last Refreshed')","service":"user-service","timestamp":"2025-01-09T04:52:18.307Z"}
{"level":"error","message":"Error fetching data for NVDA: Cannot read properties of undefined (reading '3. Last Refreshed')","service":"user-service","timestamp":"2025-01-09T04:52:33.365Z"}
{"level":"error","message":"Error fetching data for AVGO: Cannot read properties of undefined (reading '3. Last Refreshed')","service":"user-service","timestamp":"2025-01-09T04:52:48.428Z"}
{"level":"error","message":"Error fetching data for TSM: Cannot read properties of undefined (reading '3. Last Refreshed')","service":"user-service","timestamp":"2025-01-09T04:53:03.875Z"}
{"level":"error","message":"Error fetching data for JPM: Cannot read properties of undefined (reading '3. Last Refreshed')","service":"user-service","timestamp":"2025-01-09T04:53:18.939Z"}
{"level":"error","message":"Error fetching data for AAPL: Cannot read properties of undefined (reading '3. Last Refreshed')","service":"user-service","timestamp":"2025-01-09T04:53:22.444Z"}
{"level":"error","message":"Error fetching data for AAPL: Cannot read properties of undefined (reading '3. Last Refreshed')","service":"user-service","timestamp":"2025-01-09T04:53:36.817Z"}
{"level":"error","message":"Error fetching data for AAPL: Cannot read properties of undefined (reading '3. Last Refreshed')","service":"user-service","timestamp":"2025-01-09T04:53:49.574Z"}
{"level":"error","message":"Error fetching data for AAPL: Cannot read properties of undefined (reading '3. Last Refreshed')","service":"user-service","timestamp":"2025-01-09T04:53:54.973Z"}
{"level":"error","message":"Error fetching data for AAPL: Cannot read properties of undefined (reading '3. Last Refreshed')","service":"user-service","timestamp":"2025-01-09T04:53:57.723Z"}
{"level":"error","message":"Error fetching data for AAPL: Cannot read properties of undefined (reading '3. Last Refreshed')","service":"user-service","timestamp":"2025-01-09T04:54:03.996Z"}
{"level":"error","message":"Error fetching data for AAPL: Cannot read properties of undefined (reading '3. Last Refreshed')","service":"user-service","timestamp":"2025-01-09T04:54:08.135Z"}
{"level":"error","message":"Error fetching data for AAPL: Cannot read properties of undefined (reading '3. Last Refreshed')","service":"user-service","timestamp":"2025-01-09T04:54:12.781Z"}
{"level":"error","message":"Error fetching data for AAPL: Cannot read properties of undefined (reading '3. Last Refreshed')","service":"user-service","timestamp":"2025-01-09T04:54:14.125Z"}
{"level":"error","message":"Error fetching data for AAPL: Cannot read properties of undefined (reading '3. Last Refreshed')","service":"user-service","timestamp":"2025-01-09T04:54:16.914Z"}
{"level":"error","message":"Error fetching data for GOOG: Cannot read properties of undefined (reading '3. Last Refreshed')","service":"user-service","timestamp":"2025-01-09T04:54:31.981Z"}
{"level":"error","message":"Error fetching and updating stock data for AAPL: Operation `historicalstocks.findOne()` buffering timed out after 10000ms","service":"user-service","timestamp":"2025-01-12T21:59:37.194Z"}
{"level":"error","message":"Error fetching and updating stock data for AAPL: Operation `historicalstocks.findOne()` buffering timed out after 10000ms","service":"user-service","timestamp":"2025-01-12T22:00:12.919Z"}
{"level":"error","message":"Error fetching and updating stock data for AAPL: Operation `historicalstocks.findOne()` buffering timed out after 10000ms","service":"user-service","timestamp":"2025-01-12T22:01:28.287Z"}
{"level":"error","message":"Error fetching and updating stock data for AAPL: Operation `historicalstocks.findOne()` buffering timed out after 10000ms","service":"user-service","timestamp":"2025-01-13T17:04:44.439Z"}
{"level":"error","message":"Error fetching and updating stock data for AAPL: Operation `historicalstocks.findOne()` buffering timed out after 10000ms","service":"user-service","timestamp":"2025-01-13T17:05:47.659Z"}
{"level":"error","message":"Error fetching and updating stock data for AAPL: Operation `historicalstocks.findOne()` buffering timed out after 10000ms","service":"user-service","timestamp":"2025-01-13T17:09:16.527Z"}
{"level":"error","message":"Error fetching and updating stock data for GOOG: Operation `historicalstocks.findOne()` buffering timed out after 10000ms","service":"user-service","timestamp":"2025-01-13T17:09:41.641Z"}
{"level":"error","message":"Error fetching and updating stock data for AAPL: Operation `historicalstocks.findOne()` buffering timed out after 10000ms","service":"user-service","timestamp":"2025-01-13T17:24:16.477Z"}
{"level":"error","message":"Error fetching and updating stock data for AAPL: Operation `historicalstocks.findOne()` buffering timed out after 10000ms","service":"user-service","timestamp":"2025-01-13T17:43:42.261Z"}
{"level":"error","message":"Error fetching and updating stock data for AAPL: Operation `historicalstocks.findOne()` buffering timed out after 10000ms","service":"user-service","timestamp":"2025-01-13T17:45:09.568Z"}
{"level":"error","message":"Error fetching and updating stock data for GOOG: Operation `historicalstocks.findOne()` buffering timed out after 10000ms","service":"user-service","timestamp":"2025-01-13T17:45:34.755Z"}
{"level":"error","message":"Error fetching and updating stock data for AAPL: Operation `historicalstocks.findOne()` buffering timed out after 10000ms","service":"user-service","timestamp":"2025-01-13T17:50:54.462Z"}
{"level":"error","message":"Error fetching and updating stock data for AAPL: Operation `historicalstocks.findOne()` buffering timed out after 10000ms","service":"user-service","timestamp":"2025-01-13T18:03:19.275Z"}
{"level":"error","message":"Error fetching and updating stock data for N: Cannot read properties of undefined (reading '3. Last Refreshed')","service":"user-service","timestamp":"2025-01-13T19:51:26.088Z"}
{"level":"error","message":"Error fetching and updating stock data for A: Cannot read properties of undefined (reading '3. Last Refreshed')","service":"user-service","timestamp":"2025-01-13T19:54:12.893Z"}
{"level":"error","message":"Error fetching and updating stock data for N: Cannot read properties of undefined (reading '3. Last Refreshed')","service":"user-service","timestamp":"2025-01-13T19:54:28.098Z"}
{"level":"error","message":"Error fetching and updating stock data for V: Cannot read properties of undefined (reading '3. Last Refreshed')","service":"user-service","timestamp":"2025-01-13T19:54:43.192Z"}
{"level":"error","message":"Error fetching and updating stock data for D: Cannot read properties of undefined (reading '3. Last Refreshed')","service":"user-service","timestamp":"2025-01-13T19:54:58.264Z"}
{"level":"error","message":"Error fetching and updating stock data for A: Cannot read properties of undefined (reading '3. Last Refreshed')","service":"user-service","timestamp":"2025-01-13T19:55:13.493Z"}
{"level":"error","message":"Error fetching and updating stock data for A: Cannot read properties of undefined (reading '3. Last Refreshed')","service":"user-service","timestamp":"2025-01-13T19:55:28.570Z"}
{"level":"error","message":"Error fetching and updating stock data for V: Cannot read properties of undefined (reading '3. Last Refreshed')","service":"user-service","timestamp":"2025-01-13T19:55:43.643Z"}
{"level":"error","message":"Error fetching and updating stock data for G: Cannot read properties of undefined (reading '3. Last Refreshed')","service":"user-service","timestamp":"2025-01-13T19:55:58.727Z"}
{"level":"error","message":"Error fetching and updating stock data for O: Cannot read properties of undefined (reading '3. Last Refreshed')","service":"user-service","timestamp":"2025-01-13T19:56:13.858Z"}
{"level":"error","message":"Error fetching and updating stock data for T: Cannot read properties of undefined (reading '3. Last Refreshed')","service":"user-service","timestamp":"2025-01-13T19:56:28.928Z"}
{"level":"error","message":"Error fetching and updating stock data for S: Cannot read properties of undefined (reading '3. Last Refreshed')","service":"user-service","timestamp":"2025-01-13T19:56:43.997Z"}
{"level":"error","message":"Error fetching and updating stock data for M: Cannot read properties of undefined (reading '3. Last Refreshed')","service":"user-service","timestamp":"2025-01-13T19:56:59.077Z"}
{"level":"error","message":"Error fetching and updating stock data for J: Cannot read properties of undefined (reading '3. Last Refreshed')","service":"user-service","timestamp":"2025-01-13T19:57:14.957Z"}
{"level":"error","message":"Error fetching and updating stock data for P: Cannot read properties of undefined (reading '3. Last Refreshed')","service":"user-service","timestamp":"2025-01-13T19:57:30.032Z"}
{"level":"error","message":"Error fetching and updating stock data for M: Cannot read properties of undefined (reading '3. Last Refreshed')","service":"user-service","timestamp":"2025-01-13T19:57:45.105Z"}
{"level":"error","message":"Error fetching and updating stock data for M: Cannot read properties of undefined (reading '3. Last Refreshed')","service":"user-service","timestamp":"2025-01-13T19:58:00.402Z"}
{"level":"error","message":"Error fetching and updating stock data for A: Cannot read properties of undefined (reading '3. Last Refreshed')","service":"user-service","timestamp":"2025-01-13T19:58:15.620Z"}
{"level":"error","message":"Error fetching and updating stock data for C: Cannot read properties of undefined (reading '3. Last Refreshed')","service":"user-service","timestamp":"2025-01-13T19:58:30.696Z"}
{"level":"error","message":"Error fetching and updating stock data for O: Cannot read properties of undefined (reading '3. Last Refreshed')","service":"user-service","timestamp":"2025-01-13T19:58:45.799Z"}
{"level":"error","message":"Error fetching and updating stock data for S: Cannot read properties of undefined (reading '3. Last Refreshed')","service":"user-service","timestamp":"2025-01-13T19:59:01.691Z"}
{"level":"error","message":"Error fetching and updating stock data for T: Cannot read properties of undefined (reading '3. Last Refreshed')","service":"user-service","timestamp":"2025-01-13T19:59:17.042Z"}
{"level":"error","message":"Error fetching and updating stock data for P: Cannot read properties of undefined (reading '3. Last Refreshed')","service":"user-service","timestamp":"2025-01-13T19:59:32.190Z"}
{"level":"error","message":"Error fetching and updating stock data for G: Cannot read properties of undefined (reading '3. Last Refreshed')","service":"user-service","timestamp":"2025-01-13T19:59:47.267Z"}
{"level":"error","message":"Error fetching and updating stock data for N: Cannot read properties of undefined (reading '3. Last Refreshed')","service":"user-service","timestamp":"2025-01-13T20:00:03.215Z"}
{"level":"error","message":"Error fetching and updating stock data for F: Cannot read properties of undefined (reading '3. Last Refreshed')","service":"user-service","timestamp":"2025-01-13T20:00:18.713Z"}
{"level":"error","message":"Error fetching and updating stock data for L: Cannot read properties of undefined (reading '3. Last Refreshed')","service":"user-service","timestamp":"2025-01-13T20:00:33.799Z"}
{"level":"error","message":"Error fetching and updating stock data for X: Cannot read properties of undefined (reading '3. Last Refreshed')","service":"user-service","timestamp":"2025-01-13T20:00:48.874Z"}
{"level":"error","message":"Error fetching and updating stock data for J: Cannot read properties of undefined (reading '3. Last Refreshed')","service":"user-service","timestamp":"2025-01-13T20:01:04.984Z"}
{"level":"error","message":"Error fetching and updating stock data for N: Cannot read properties of undefined (reading '3. Last Refreshed')","service":"user-service","timestamp":"2025-01-13T20:01:20.067Z"}
{"level":"error","message":"Error fetching and updating stock data for J: Cannot read properties of undefined (reading '3. Last Refreshed')","service":"user-service","timestamp":"2025-01-13T20:01:35.153Z"}
{"level":"error","message":"Error fetching and updating stock data for B: Cannot read properties of undefined (reading '3. Last Refreshed')","service":"user-service","timestamp":"2025-01-13T20:01:50.250Z"}
{"level":"error","message":"Error fetching and updating stock data for A: Cannot read properties of undefined (reading '3. Last Refreshed')","service":"user-service","timestamp":"2025-01-13T20:02:06.721Z"}
{"level":"error","message":"Error fetching and updating stock data for C: Cannot read properties of undefined (reading '3. Last Refreshed')","service":"user-service","timestamp":"2025-01-13T20:02:21.812Z"}
{"level":"error","message":"Error fetching and updating stock data for C: Cannot read properties of undefined (reading '3. Last Refreshed')","service":"user-service","timestamp":"2025-01-13T20:02:36.897Z"}
{"level":"error","message":"Error fetching and updating stock data for R: Cannot read properties of undefined (reading '3. Last Refreshed')","service":"user-service","timestamp":"2025-01-13T20:02:52.006Z"}
{"level":"error","message":"Error fetching and updating stock data for M: Cannot read properties of undefined (reading '3. Last Refreshed')","service":"user-service","timestamp":"2025-01-13T20:03:07.647Z"}
{"level":"error","message":"Error fetching and updating stock data for T: Cannot read properties of undefined (reading '3. Last Refreshed')","service":"user-service","timestamp":"2025-01-13T20:03:22.874Z"}
{"level":"error","message":"Error fetching and updating stock data for M: Cannot read properties of undefined (reading '3. Last Refreshed')","service":"user-service","timestamp":"2025-01-13T20:03:37.975Z"}
{"level":"error","message":"Error fetching and updating stock data for K: Cannot read properties of undefined (reading '3. Last Refreshed')","service":"user-service","timestamp":"2025-01-13T20:03:53.054Z"}
{"level":"error","message":"Error fetching and updating stock data for O: Cannot read properties of undefined (reading '3. Last Refreshed')","service":"user-service","timestamp":"2025-01-13T20:04:08.247Z"}
{"level":"error","message":"Error fetching and updating stock data for AAPL: Cannot read properties of undefined (reading '3. Last Refreshed')","service":"user-service","timestamp":"2025-01-13T20:18:44.784Z"}
{"level":"error","message":"Error fetching and updating stock data for AAPL: entry is not defined","service":"user-service","timestamp":"2025-01-15T04:28:35.360Z"}
{"level":"error","message":"Error fetching and updating stock data for AAPL: object is not defined","service":"user-service","timestamp":"2025-01-15T04:38:21.113Z"}
{"level":"error","message":"Error fetching and updating stock data for AAPL: object is not defined","service":"user-service","timestamp":"2025-01-15T04:39:31.283Z"}
{"level":"error","message":"Error fetching and updating stock data for AAPL: object is not defined","service":"user-service","timestamp":"2025-01-15T04:40:17.408Z"}
{"level":"error","message":"Error fetching and updating stock data for AAPL: Invalid or missing data for symbol: AAPL","service":"user-service","timestamp":"2025-01-15T04:42:08.372Z"}
{"level":"error","message":"Error fetching and updating stock data for AAPL: Invalid or missing data for symbol: AAPL","service":"user-service","timestamp":"2025-01-15T04:48:03.907Z"}
{"level":"error","message":"Error fetching and updating stock data for GOOG: Invalid or missing data for symbol: GOOG","service":"user-service","timestamp":"2025-01-15T04:48:19.042Z"}
{"level":"error","message":"Error fetching and updating stock data for AAPL: Invalid or missing data for symbol: AAPL","service":"user-service","timestamp":"2025-01-15T04:49:48.599Z"}
{"level":"error","message":"Error fetching and updating stock data for AAPL: Invalid or missing data for symbol: AAPL","service":"user-service","timestamp":"2025-01-15T05:06:48.855Z"}
{"level":"error","message":"Error ensuring bucket exists: s3Client is not defined","service":"user-service","timestamp":"2025-01-15T18:42:36.929Z"}
{"level":"error","message":"Error ensuring bucket exists: s3Client is not defined","service":"user-service","timestamp":"2025-01-15T18:46:10.371Z"}
{"level":"error","message":"Error ensuring bucket exists: s3Client is not defined","service":"user-service","timestamp":"2025-01-15T18:57:06.070Z"}
{"level":"error","message":"Error fetching and updating stock data for AAPL: Cannot read properties of undefined (reading '3. Last Refreshed')","service":"user-service","timestamp":"2025-01-15T18:59:23.558Z"}
{"level":"error","message":"Error fetching and updating stock data for AAPL: Cannot read properties of undefined (reading '3. Last Refreshed')","service":"user-service","timestamp":"2025-01-15T20:00:08.302Z"}
{"level":"error","message":"Error fetching and updating stock data for AAPL: Cannot read properties of undefined (reading '3. Last Refreshed')","service":"user-service","timestamp":"2025-01-15T20:00:41.529Z"}
{"level":"error","message":"Error fetching and updating stock data for AAPL: Cannot read properties of undefined (reading '3. Last Refreshed')","service":"user-service","timestamp":"2025-01-15T20:01:20.714Z"}
{"level":"error","message":"Error fetching and updating stock data for AAPL: Cannot read properties of undefined (reading '3. Last Refreshed')","service":"user-service","timestamp":"2025-01-15T20:01:55.095Z"}
{"level":"error","message":"Error fetching and updating stock data for AAPL: Cannot read properties of undefined (reading '3. Last Refreshed')","service":"user-service","timestamp":"2025-01-15T20:06:23.338Z"}
{"level":"error","message":"Error fetching and updating stock data for AAPL: Cannot read properties of undefined (reading '3. Last Refreshed')","service":"user-service","timestamp":"2025-01-15T20:07:19.109Z"}
{"level":"error","message":"Error fetching and updating stock data for AAPL: Cannot read properties of undefined (reading '3. Last Refreshed')","service":"user-service","timestamp":"2025-01-15T20:08:01.042Z"}
{"level":"error","message":"Error fetching and updating stock data for AAPL: Cannot read properties of undefined (reading '3. Last Refreshed')","service":"user-service","timestamp":"2025-01-15T20:08:23.201Z"}
{"level":"error","message":"Error fetching and updating stock data for GOOG: Cannot read properties of undefined (reading '3. Last Refreshed')","service":"user-service","timestamp":"2025-01-15T20:08:38.414Z"}
{"level":"error","message":"Error fetching and updating stock data for AAPL: Cannot read properties of undefined (reading '3. Last Refreshed')","service":"user-service","timestamp":"2025-01-15T20:09:04.796Z"}
{"level":"error","message":"Error fetching and updating stock data for AAPL: Cannot read properties of undefined (reading '3. Last Refreshed')","service":"user-service","timestamp":"2025-01-15T20:10:25.208Z"}
{"level":"error","message":"Error fetching and updating stock data for AAPL: Cannot read properties of undefined (reading '3. Last Refreshed')","service":"user-service","timestamp":"2025-01-15T20:12:46.332Z"}
{"level":"error","message":"Error fetching and updating stock data for AAPL: Cannot read properties of undefined (reading '3. Last Refreshed')","service":"user-service","timestamp":"2025-01-15T20:13:10.384Z"}
{"level":"error","message":"Error fetching and updating stock data for AAPL: Cannot read properties of undefined (reading '3. Last Refreshed')","service":"user-service","timestamp":"2025-01-15T20:13:33.570Z"}
{"level":"error","message":"Error fetching and updating stock data for GOOG: Cannot read properties of undefined (reading '3. Last Refreshed')","service":"user-service","timestamp":"2025-01-15T20:13:48.737Z"}
{"level":"error","message":"Error fetching and updating stock data for AAPL: Cannot read properties of undefined (reading '3. Last Refreshed')","service":"user-service","timestamp":"2025-01-15T20:13:57.326Z"}
{"level":"error","message":"Error fetching and updating stock data for AAPL: Cannot read properties of undefined (reading '3. Last Refreshed')","service":"user-service","timestamp":"2025-01-15T20:15:11.862Z"}
{"level":"error","message":"Error fetching and updating stock data for AAPL: Cannot read properties of undefined (reading '3. Last Refreshed')","service":"user-service","timestamp":"2025-01-15T20:17:08.261Z"}
{"level":"error","message":"Error fetching and updating stock data for AAPL: Cannot read properties of undefined (reading '3. Last Refreshed')","service":"user-service","timestamp":"2025-01-15T20:22:05.806Z"}
{"level":"error","message":"Error fetching and updating stock data for AAPL: Cannot read properties of undefined (reading '3. Last Refreshed')","service":"user-service","timestamp":"2025-01-15T20:23:38.740Z"}
{"level":"error","message":"Error fetching and updating stock data for AAPL: Cannot read properties of undefined (reading '3. Last Refreshed')","service":"user-service","timestamp":"2025-01-15T20:24:32.379Z"}
{"level":"error","message":"Error fetching and updating stock data for AAPL: Cannot read properties of undefined (reading '3. Last Refreshed')","service":"user-service","timestamp":"2025-01-15T20:29:07.185Z"}
{"level":"error","message":"Error fetching and updating stock data for AAPL: Cannot read properties of undefined (reading '3. Last Refreshed')","service":"user-service","timestamp":"2025-01-15T20:32:51.438Z"}
{"level":"error","message":"Error fetching and updating stock data for AAPL: Cannot access 'data' before initialization","service":"user-service","timestamp":"2025-03-11T02:12:15.807Z"}
{"level":"error","message":"Error fetching and updating stock data for AAPL: newMonthlyData is not defined","service":"user-service","timestamp":"2025-03-11T02:17:41.129Z"}
{"level":"error","message":"Error fetching and updating stock data for AAPL: latestdate is not defined","service":"user-service","timestamp":"2025-03-11T02:18:19.774Z"}
{"level":"error","message":"Error fetching and updating stock data for AAPL: Cast to string failed for value \"{\n  date: '2025-03-10',\n  open: 241.79,\n  high: 244.0272,\n  low: 224.22,\n  close: 227.48,\n  volume: 311104955\n}\" (type Object) at path \"date\" for model \"HistoricalStock\"","service":"user-service","timestamp":"2025-03-11T02:24:44.567Z"}
{"level":"error","message":"Error fetching and updating stock data for AAPL: Cast to string failed for value \"{\n  date: '2025-03-10',\n  open: 241.79,\n  high: 244.0272,\n  low: 224.22,\n  close: 227.48,\n  volume: 311104955\n}\" (type Object) at path \"date\" for model \"HistoricalStock\"","service":"user-service","timestamp":"2025-03-11T02:36:08.028Z"}
{"level":"error","message":"Error fetching and updating stock data for AAPL: Cast to string failed for value \"{\n  date: '2025-03-10',\n  open: 241.79,\n  high: 244.0272,\n  low: 224.22,\n  close: 227.48,\n  volume: 311104955\n}\" (type Object) at path \"date\" for model \"HistoricalStock\"","service":"user-service","timestamp":"2025-03-11T02:39:31.083Z"}
{"level":"error","message":"Error fetching and updating stock data for AAPL: Cast to string failed for value \"{\n  date: '2025-03-10',\n  open: 241.79,\n  high: 244.0272,\n  low: 224.22,\n  close: 227.48,\n  volume: 311104955\n}\" (type Object) at path \"date\" for model \"HistoricalStock\"","service":"user-service","timestamp":"2025-03-11T02:47:35.371Z"}
{"level":"error","message":"Error fetching and updating stock data for AAPL: Cast to string failed for value \"{\n  date: '2025-03-10',\n  open: 241.79,\n  high: 244.0272,\n  low: 224.22,\n  close: 227.48,\n  volume: 311104955\n}\" (type Object) at path \"date\" for model \"HistoricalStock\"","service":"user-service","timestamp":"2025-03-11T02:49:23.311Z"}
{"level":"error","message":"Error fetching and updating stock data for GOOG: Cast to string failed for value \"{\n  date: '2025-03-10',\n  open: 173.73,\n  high: 176.9,\n  low: 165.565,\n  close: 167.81,\n  volume: 137494626\n}\" (type Object) at path \"date\" for model \"HistoricalStock\"","service":"user-service","timestamp":"2025-03-11T02:49:38.431Z"}
{"level":"error","message":"Error fetching and updating stock data for MSFT: Cast to string failed for value \"{\n  date: '2025-03-10',\n  open: 398.82,\n  high: 402.15,\n  low: 377.22,\n  close: 380.16,\n  volume: 153692261\n}\" (type Object) at path \"date\" for model \"HistoricalStock\"","service":"user-service","timestamp":"2025-03-11T02:49:53.570Z"}
{"level":"error","message":"Error fetching and updating stock data for AMZN: Cast to string failed for value \"{\n  date: '2025-03-10',\n  open: 213.352,\n  high: 214.01,\n  low: 190.85,\n  close: 194.54,\n  volume: 313907423\n}\" (type Object) at path \"date\" for model \"HistoricalStock\"","service":"user-service","timestamp":"2025-03-11T02:50:08.696Z"}
{"level":"error","message":"Error fetching and updating stock data for META: Cast to string failed for value \"{\n  date: '2025-03-10',\n  open: 673.675,\n  high: 681.25,\n  low: 586.87,\n  close: 597.99,\n  volume: 102327110\n}\" (type Object) at path \"date\" for model \"HistoricalStock\"","service":"user-service","timestamp":"2025-03-11T02:50:23.816Z"}
{"level":"error","message":"Error fetching and updating stock data for AAPL: Cast to string failed for value \"{\n  date: '2025-03-10',\n  open: 241.79,\n  high: 244.0272,\n  low: 224.22,\n  close: 227.48,\n  volume: 311104955\n}\" (type Object) at path \"date\" for model \"HistoricalStock\"","service":"user-service","timestamp":"2025-03-11T02:53:31.221Z"}
{"level":"error","message":"Error fetching and updating stock data for AAPL: Cast to string failed for value \"{\n  date: '2025-03-10',\n  open: 241.79,\n  high: 244.0272,\n  low: 224.22,\n  close: 227.48,\n  volume: 311104955\n}\" (type Object) at path \"date\" for model \"HistoricalStock\"","service":"user-service","timestamp":"2025-03-11T02:54:45.075Z"}
{"level":"error","message":"Error fetching and updating stock data for AAPL: Cast to string failed for value \"{\n  date: '2025-03-10',\n  open: 241.79,\n  high: 244.0272,\n  low: 224.22,\n  close: 227.48,\n  volume: 311104955\n}\" (type Object) at path \"date\" for model \"HistoricalStock\"","service":"user-service","timestamp":"2025-03-11T03:01:29.703Z"}
{"level":"error","message":"Error fetching and updating stock data for AAPL: Cast to string failed for value \"{\n  date: '2025-03-10',\n  open: 241.79,\n  high: 244.0272,\n  low: 224.22,\n  close: 227.48,\n  volume: 311104955\n}\" (type Object) at path \"date\" for model \"HistoricalStock\"","service":"user-service","timestamp":"2025-03-11T03:03:34.157Z"}
{"level":"error","message":"Error fetching and updating stock data for AAPL: checkIfDataExistforHistory is not defined","service":"user-service","timestamp":"2025-03-11T03:12:49.426Z"}
{"level":"error","message":"Error fetching and updating stock data for AAPL: newMonthlyData.map is not a function","service":"user-service","timestamp":"2025-03-11T03:13:37.834Z"}
{"level":"error","message":"Error fetching and updating stock data for BLD: HistoricalStock validation failed: timezone: Path `timezone` is required.","service":"user-service","timestamp":"2025-03-13T13:59:53.711Z"}
{"level":"error","message":"Error fetching and updating stock data for BLD: HistoricalStock validation failed: timezone: Path `timezone` is required.","service":"user-service","timestamp":"2025-04-02T22:09:45.718Z"}
{"level":"error","message":"Error fetching and updating stock data for U: HistoricalStock validation failed: timezone: Path `timezone` is required.","service":"user-service","timestamp":"2025-04-02T22:23:53.348Z"}
{"level":"error","message":"Error fetching and updating stock data for U: HistoricalStock validation failed: timezone: Path `timezone` is required.","service":"user-service","timestamp":"2025-04-02T22:33:40.001Z"}
{"level":"error","message":"Error fetching and updating stock data for VOO: HistoricalStock validation failed: timezone: Path `timezone` is required.","service":"user-service","timestamp":"2025-04-28T22:12:49.327Z"}
{"level":"error","message":"Error fetching and updating stock data for U: HistoricalStock validation failed: timezone: Path `timezone` is required.","service":"user-service","timestamp":"2025-04-28T22:12:49.365Z"}
